0 info it worked if it ends with ok
1 verbose cli [ '/Users/richard/.nvm/versions/io.js/v2.3.3/bin/iojs',
1 verbose cli   '/Users/richard/.nvm/versions/io.js/v2.3.3/bin/npm',
1 verbose cli   'run',
1 verbose cli   'server' ]
2 info using npm@2.11.3
3 info using node@v2.3.3
4 verbose stack Error: missing script: server
4 verbose stack     at run (/Users/richard/.nvm/versions/io.js/v2.3.3/lib/node_modules/npm/lib/run-script.js:142:19)
4 verbose stack     at /Users/richard/.nvm/versions/io.js/v2.3.3/lib/node_modules/npm/lib/run-script.js:58:5
4 verbose stack     at /Users/richard/.nvm/versions/io.js/v2.3.3/lib/node_modules/npm/node_modules/read-package-json/read-json.js:345:5
4 verbose stack     at checkBinReferences_ (/Users/richard/.nvm/versions/io.js/v2.3.3/lib/node_modules/npm/node_modules/read-package-json/read-json.js:309:45)
4 verbose stack     at final (/Users/richard/.nvm/versions/io.js/v2.3.3/lib/node_modules/npm/node_modules/read-package-json/read-json.js:343:3)
4 verbose stack     at then (/Users/richard/.nvm/versions/io.js/v2.3.3/lib/node_modules/npm/node_modules/read-package-json/read-json.js:113:5)
4 verbose stack     at /Users/richard/.nvm/versions/io.js/v2.3.3/lib/node_modules/npm/node_modules/read-package-json/read-json.js:300:12
4 verbose stack     at FSReqWrap.readFileAfterClose [as oncomplete] (evalmachine.<anonymous>:380:3)
5 verbose cwd /Users/richard/Code/triactify
6 error Darwin 14.3.0
7 error argv "/Users/richard/.nvm/versions/io.js/v2.3.3/bin/iojs" "/Users/richard/.nvm/versions/io.js/v2.3.3/bin/npm" "run" "server"
8 error node v2.3.3
9 error npm  v2.11.3
10 error missing script: server
11 error If you need help, you may report this error at:
11 error     <https://github.com/npm/npm/issues>
12 verbose exit [ 1, true ]
